0 info it worked if it ends with ok
1 verbose cli [ '/home/tamami/.nvm/versions/node/v4.4.7/bin/node',
1 verbose cli   '/home/tamami/.nvm/versions/node/v4.4.7/bin/npm',
1 verbose cli   'install' ]
2 info using npm@2.15.8
3 info using node@v4.4.7
4 verbose config Skipping project config: /home/tamami/.npmrc. (matches userconfig)
5 verbose readDependencies loading dependencies from /home/tamami/package.json
6 error install Couldn't read dependencies
7 verbose stack Error: ENOENT: no such file or directory, open '/home/tamami/package.json'
7 verbose stack     at Error (native)
8 verbose cwd /home/tamami/belajar/learn-polymer-startup
9 error Linux 3.19.0-33-generic
10 error argv "/home/tamami/.nvm/versions/node/v4.4.7/bin/node" "/home/tamami/.nvm/versions/node/v4.4.7/bin/npm" "install"
11 error node v4.4.7
12 error npm  v2.15.8
13 error path /home/tamami/package.json
14 error code ENOPACKAGEJSON
15 error errno -2
16 error syscall open
17 error package.json ENOENT: no such file or directory, open '/home/tamami/package.json'
17 error package.json This is most likely not a problem with npm itself.
17 error package.json npm can't find a package.json file in your current directory.
18 verbose exit [ -2, true ]
